mode: set
github.com/fhermeni/wints/sqlstore/defense.go:13.71,15.2 1 0
github.com/fhermeni/wints/sqlstore/defense.go:18.70,20.2 1 0
github.com/fhermeni/wints/sqlstore/defense.go:23.62,25.2 1 0
github.com/fhermeni/wints/sqlstore/defense.go:28.65,39.2 4 0
github.com/fhermeni/wints/sqlstore/defense.go:42.68,45.2 2 0
github.com/fhermeni/wints/sqlstore/session.go:18.63,23.2 4 1
github.com/fhermeni/wints/sqlstore/session.go:26.105,36.19 6 1
github.com/fhermeni/wints/sqlstore/session.go:39.2,39.67 1 1
github.com/fhermeni/wints/sqlstore/session.go:42.2,44.30 3 1
github.com/fhermeni/wints/sqlstore/session.go:47.2,47.22 1 1
github.com/fhermeni/wints/sqlstore/session.go:36.19,38.3 1 1
github.com/fhermeni/wints/sqlstore/session.go:39.67,41.3 1 1
github.com/fhermeni/wints/sqlstore/session.go:44.30,46.3 1 0
github.com/fhermeni/wints/sqlstore/session.go:51.47,53.2 1 1
github.com/fhermeni/wints/sqlstore/stmterr.go:15.50,16.18 1 1
github.com/fhermeni/wints/sqlstore/stmterr.go:19.2,19.28 1 1
github.com/fhermeni/wints/sqlstore/stmterr.go:16.18,18.3 1 0
github.com/fhermeni/wints/sqlstore/stmterr.go:22.66,23.19 1 1
github.com/fhermeni/wints/sqlstore/stmterr.go:26.2,26.28 1 1
github.com/fhermeni/wints/sqlstore/stmterr.go:23.19,25.3 1 0
github.com/fhermeni/wints/sqlstore/stmterr.go:29.66,30.19 1 1
github.com/fhermeni/wints/sqlstore/stmterr.go:33.2,33.29 1 1
github.com/fhermeni/wints/sqlstore/stmterr.go:30.19,32.3 1 0
github.com/fhermeni/wints/sqlstore/stmterr.go:36.58,37.19 1 1
github.com/fhermeni/wints/sqlstore/stmterr.go:40.2,40.39 1 0
github.com/fhermeni/wints/sqlstore/stmterr.go:37.19,39.3 1 1
github.com/fhermeni/wints/sqlstore/stmterr.go:43.28,45.2 1 0
github.com/fhermeni/wints/sqlstore/store.go:21.42,26.2 2 1
github.com/fhermeni/wints/sqlstore/store.go:29.33,32.2 2 1
github.com/fhermeni/wints/sqlstore/store.go:34.41,36.9 2 1
github.com/fhermeni/wints/sqlstore/store.go:41.2,41.11 1 1
github.com/fhermeni/wints/sqlstore/store.go:36.9,40.3 3 1
github.com/fhermeni/wints/sqlstore/store.go:45.86,48.16 3 1
github.com/fhermeni/wints/sqlstore/store.go:51.2,52.16 2 1
github.com/fhermeni/wints/sqlstore/store.go:55.2,55.13 1 1
github.com/fhermeni/wints/sqlstore/store.go:58.2,58.12 1 1
github.com/fhermeni/wints/sqlstore/store.go:48.16,50.3 1 0
github.com/fhermeni/wints/sqlstore/store.go:52.16,54.3 1 0
github.com/fhermeni/wints/sqlstore/store.go:55.13,57.3 1 1
github.com/fhermeni/wints/sqlstore/store.go:61.32,65.26 4 1
github.com/fhermeni/wints/sqlstore/store.go:68.2,68.14 1 1
github.com/fhermeni/wints/sqlstore/store.go:65.26,67.3 1 1
github.com/fhermeni/wints/sqlstore/store.go:71.45,72.13 1 1
github.com/fhermeni/wints/sqlstore/store.go:75.2,75.12 1 1
github.com/fhermeni/wints/sqlstore/store.go:72.13,74.3 1 1
github.com/fhermeni/wints/sqlstore/store.go:78.48,79.13 1 1
github.com/fhermeni/wints/sqlstore/store.go:82.2,82.12 1 1
github.com/fhermeni/wints/sqlstore/store.go:79.13,81.3 1 1
github.com/fhermeni/wints/sqlstore/store.go:85.46,86.13 1 1
github.com/fhermeni/wints/sqlstore/store.go:89.2,89.11 1 1
github.com/fhermeni/wints/sqlstore/store.go:86.13,88.3 1 1
github.com/fhermeni/wints/sqlstore/store.go:92.44,93.26 1 1
github.com/fhermeni/wints/sqlstore/store.go:96.2,96.12 1 1
github.com/fhermeni/wints/sqlstore/store.go:93.26,95.3 1 1
github.com/fhermeni/wints/sqlstore/store.go:99.38,100.16 1 1
github.com/fhermeni/wints/sqlstore/store.go:103.2,103.34 1 1
github.com/fhermeni/wints/sqlstore/store.go:119.2,119.12 1 1
github.com/fhermeni/wints/sqlstore/store.go:100.16,102.3 1 1
github.com/fhermeni/wints/sqlstore/store.go:103.34,104.23 1 0
github.com/fhermeni/wints/sqlstore/store.go:105.3,106.31 1 0
github.com/fhermeni/wints/sqlstore/store.go:107.3,108.32 1 0
github.com/fhermeni/wints/sqlstore/store.go:109.3,110.34 1 0
github.com/fhermeni/wints/sqlstore/store.go:111.3,112.37 1 0
github.com/fhermeni/wints/sqlstore/store.go:113.3,114.35 1 0
github.com/fhermeni/wints/sqlstore/store.go:115.3,116.33 1 0
github.com/fhermeni/wints/sqlstore/txerr.go:13.33,16.2 2 1
github.com/fhermeni/wints/sqlstore/txerr.go:20.30,21.18 1 1
github.com/fhermeni/wints/sqlstore/txerr.go:28.2,28.38 1 1
github.com/fhermeni/wints/sqlstore/txerr.go:21.18,22.41 1 1
github.com/fhermeni/wints/sqlstore/txerr.go:25.3,25.31 1 1
github.com/fhermeni/wints/sqlstore/txerr.go:22.41,24.4 1 0
github.com/fhermeni/wints/sqlstore/txerr.go:32.57,33.18 1 1
github.com/fhermeni/wints/sqlstore/txerr.go:36.2,36.53 1 1
github.com/fhermeni/wints/sqlstore/txerr.go:33.18,35.3 1 1
github.com/fhermeni/wints/sqlstore/txerr.go:36.53,38.3 1 0
github.com/fhermeni/wints/sqlstore/txerr.go:42.69,43.18 1 1
github.com/fhermeni/wints/sqlstore/txerr.go:46.2,46.38 1 0
github.com/fhermeni/wints/sqlstore/txerr.go:43.18,45.3 1 1
github.com/fhermeni/wints/sqlstore/txerr.go:51.65,52.18 1 1
github.com/fhermeni/wints/sqlstore/txerr.go:55.2,56.16 2 1
github.com/fhermeni/wints/sqlstore/txerr.go:60.2,61.16 2 1
github.com/fhermeni/wints/sqlstore/txerr.go:65.2,65.11 1 1
github.com/fhermeni/wints/sqlstore/txerr.go:52.18,54.3 1 1
github.com/fhermeni/wints/sqlstore/txerr.go:56.16,59.3 2 0
github.com/fhermeni/wints/sqlstore/txerr.go:61.16,64.3 2 0
github.com/fhermeni/wints/sqlstore/convention.go:45.73,47.2 1 1
github.com/fhermeni/wints/sqlstore/convention.go:50.66,52.2 1 1
github.com/fhermeni/wints/sqlstore/convention.go:55.54,57.2 1 1
github.com/fhermeni/wints/sqlstore/convention.go:60.64,62.2 1 1
github.com/fhermeni/wints/sqlstore/convention.go:65.58,67.2 1 1
github.com/fhermeni/wints/sqlstore/convention.go:71.223,73.39 2 1
github.com/fhermeni/wints/sqlstore/convention.go:99.2,99.19 1 1
github.com/fhermeni/wints/sqlstore/convention.go:73.39,77.58 3 0
github.com/fhermeni/wints/sqlstore/convention.go:80.3,80.27 1 0
github.com/fhermeni/wints/sqlstore/convention.go:77.58,79.4 1 0
github.com/fhermeni/wints/sqlstore/convention.go:80.27,97.4 1 0
github.com/fhermeni/wints/sqlstore/convention.go:103.71,106.16 3 1
github.com/fhermeni/wints/sqlstore/convention.go:109.2,109.18 1 1
github.com/fhermeni/wints/sqlstore/convention.go:112.2,112.29 1 1
github.com/fhermeni/wints/sqlstore/convention.go:106.16,108.3 1 0
github.com/fhermeni/wints/sqlstore/convention.go:109.18,111.3 1 0
github.com/fhermeni/wints/sqlstore/convention.go:116.60,120.16 4 0
github.com/fhermeni/wints/sqlstore/convention.go:123.2,124.18 2 0
github.com/fhermeni/wints/sqlstore/convention.go:131.2,131.25 1 0
github.com/fhermeni/wints/sqlstore/convention.go:120.16,122.3 1 0
github.com/fhermeni/wints/sqlstore/convention.go:124.18,126.17 2 0
github.com/fhermeni/wints/sqlstore/convention.go:129.3,129.39 1 0
github.com/fhermeni/wints/sqlstore/convention.go:126.17,128.4 1 0
github.com/fhermeni/wints/sqlstore/convention.go:136.77,138.40 2 0
github.com/fhermeni/wints/sqlstore/convention.go:142.2,142.40 1 0
github.com/fhermeni/wints/sqlstore/convention.go:147.2,148.18 2 0
github.com/fhermeni/wints/sqlstore/convention.go:138.40,140.3 1 0
github.com/fhermeni/wints/sqlstore/convention.go:142.40,145.3 2 0
github.com/fhermeni/wints/sqlstore/convention.go:152.60,155.16 3 0
github.com/fhermeni/wints/sqlstore/convention.go:158.2,158.32 1 0
github.com/fhermeni/wints/sqlstore/convention.go:166.2,166.17 1 0
github.com/fhermeni/wints/sqlstore/convention.go:155.16,157.3 1 0
github.com/fhermeni/wints/sqlstore/convention.go:158.32,161.17 2 0
github.com/fhermeni/wints/sqlstore/convention.go:164.3,164.23 1 0
github.com/fhermeni/wints/sqlstore/convention.go:161.17,163.4 1 0
github.com/fhermeni/wints/sqlstore/convention.go:170.71,174.16 4 0
github.com/fhermeni/wints/sqlstore/convention.go:177.2,179.16 3 0
github.com/fhermeni/wints/sqlstore/convention.go:182.2,182.26 1 0
github.com/fhermeni/wints/sqlstore/convention.go:174.16,176.3 1 0
github.com/fhermeni/wints/sqlstore/convention.go:179.16,181.3 1 0
github.com/fhermeni/wints/sqlstore/convention.go:185.78,188.16 3 0
github.com/fhermeni/wints/sqlstore/convention.go:191.2,192.16 2 0
github.com/fhermeni/wints/sqlstore/convention.go:195.2,196.16 2 0
github.com/fhermeni/wints/sqlstore/convention.go:199.2,199.88 1 0
github.com/fhermeni/wints/sqlstore/convention.go:188.16,190.3 1 0
github.com/fhermeni/wints/sqlstore/convention.go:192.16,194.3 1 0
github.com/fhermeni/wints/sqlstore/convention.go:196.16,198.3 1 0
github.com/fhermeni/wints/sqlstore/convention.go:202.64,256.2 7 1
github.com/fhermeni/wints/sqlstore/report.go:22.79,26.16 4 0
github.com/fhermeni/wints/sqlstore/report.go:29.2,29.18 1 0
github.com/fhermeni/wints/sqlstore/report.go:36.2,36.17 1 0
github.com/fhermeni/wints/sqlstore/report.go:26.16,28.3 1 0
github.com/fhermeni/wints/sqlstore/report.go:29.18,31.46 2 0
github.com/fhermeni/wints/sqlstore/report.go:34.3,34.22 1 0
github.com/fhermeni/wints/sqlstore/report.go:31.46,33.4 1 0
github.com/fhermeni/wints/sqlstore/report.go:40.62,53.16 6 0
github.com/fhermeni/wints/sqlstore/report.go:56.2,56.19 1 0
github.com/fhermeni/wints/sqlstore/report.go:59.2,61.17 3 0
github.com/fhermeni/wints/sqlstore/report.go:64.2,64.33 1 0
github.com/fhermeni/wints/sqlstore/report.go:53.16,55.3 1 0
github.com/fhermeni/wints/sqlstore/report.go:56.19,58.3 1 0
github.com/fhermeni/wints/sqlstore/report.go:61.17,63.3 1 0
github.com/fhermeni/wints/sqlstore/report.go:68.70,73.16 4 1
github.com/fhermeni/wints/sqlstore/report.go:76.2,77.18 2 1
github.com/fhermeni/wints/sqlstore/report.go:80.2,80.25 1 0
github.com/fhermeni/wints/sqlstore/report.go:73.16,75.3 1 0
github.com/fhermeni/wints/sqlstore/report.go:77.18,79.3 1 1
github.com/fhermeni/wints/sqlstore/report.go:84.67,89.2 4 1
github.com/fhermeni/wints/sqlstore/report.go:92.72,94.2 1 1
github.com/fhermeni/wints/sqlstore/report.go:97.81,99.2 1 1
github.com/fhermeni/wints/sqlstore/report.go:102.74,104.2 1 1
github.com/fhermeni/wints/sqlstore/report.go:107.68,109.2 1 1
github.com/fhermeni/wints/sqlstore/student.go:23.63,26.16 3 1
github.com/fhermeni/wints/sqlstore/student.go:29.2,30.18 2 1
github.com/fhermeni/wints/sqlstore/student.go:33.2,33.26 1 1
github.com/fhermeni/wints/sqlstore/student.go:26.16,28.3 1 0
github.com/fhermeni/wints/sqlstore/student.go:30.18,32.3 1 0
github.com/fhermeni/wints/sqlstore/student.go:36.58,63.2 9 1
github.com/fhermeni/wints/sqlstore/student.go:66.54,70.16 3 1
github.com/fhermeni/wints/sqlstore/student.go:73.2,74.18 2 1
github.com/fhermeni/wints/sqlstore/student.go:81.2,81.22 1 1
github.com/fhermeni/wints/sqlstore/student.go:70.16,72.3 1 0
github.com/fhermeni/wints/sqlstore/student.go:74.18,76.17 2 1
github.com/fhermeni/wints/sqlstore/student.go:79.3,79.33 1 1
github.com/fhermeni/wints/sqlstore/student.go:76.17,78.4 1 0
github.com/fhermeni/wints/sqlstore/student.go:85.76,90.2 4 1
github.com/fhermeni/wints/sqlstore/student.go:93.63,95.2 1 1
github.com/fhermeni/wints/sqlstore/student.go:98.51,100.2 1 1
github.com/fhermeni/wints/sqlstore/student.go:103.47,105.2 1 1
github.com/fhermeni/wints/sqlstore/student.go:108.51,110.2 1 1
github.com/fhermeni/wints/sqlstore/student.go:113.64,115.2 1 1
github.com/fhermeni/wints/sqlstore/student.go:118.65,120.2 1 1
github.com/fhermeni/wints/sqlstore/survey.go:19.67,25.2 5 0
github.com/fhermeni/wints/sqlstore/survey.go:27.62,38.16 5 0
github.com/fhermeni/wints/sqlstore/survey.go:41.2,42.20 2 0
github.com/fhermeni/wints/sqlstore/survey.go:38.16,40.3 1 0
github.com/fhermeni/wints/sqlstore/survey.go:46.81,50.16 4 0
github.com/fhermeni/wints/sqlstore/survey.go:53.2,54.18 2 0
github.com/fhermeni/wints/sqlstore/survey.go:61.2,61.17 1 0
github.com/fhermeni/wints/sqlstore/survey.go:50.16,52.3 1 0
github.com/fhermeni/wints/sqlstore/survey.go:54.18,56.17 2 0
github.com/fhermeni/wints/sqlstore/survey.go:59.3,59.18 1 0
github.com/fhermeni/wints/sqlstore/survey.go:56.17,58.4 1 0
github.com/fhermeni/wints/sqlstore/survey.go:65.75,68.16 3 0
github.com/fhermeni/wints/sqlstore/survey.go:71.2,73.25 3 0
github.com/fhermeni/wints/sqlstore/survey.go:68.16,70.3 1 0
github.com/fhermeni/wints/sqlstore/survey.go:77.66,79.2 1 0
github.com/fhermeni/wints/sqlstore/user.go:33.51,42.2 1 0
github.com/fhermeni/wints/sqlstore/user.go:45.39,47.2 1 1
github.com/fhermeni/wints/sqlstore/user.go:49.51,62.2 5 1
github.com/fhermeni/wints/sqlstore/user.go:65.57,68.16 3 1
github.com/fhermeni/wints/sqlstore/user.go:71.2,71.18 1 1
github.com/fhermeni/wints/sqlstore/user.go:74.2,74.23 1 1
github.com/fhermeni/wints/sqlstore/user.go:68.16,70.3 1 0
github.com/fhermeni/wints/sqlstore/user.go:71.18,73.3 1 1
github.com/fhermeni/wints/sqlstore/user.go:78.48,82.16 4 0
github.com/fhermeni/wints/sqlstore/user.go:85.2,86.18 2 0
github.com/fhermeni/wints/sqlstore/user.go:101.2,101.19 1 0
github.com/fhermeni/wints/sqlstore/user.go:82.16,84.3 1 0
github.com/fhermeni/wints/sqlstore/user.go:86.18,100.3 5 0
github.com/fhermeni/wints/sqlstore/user.go:105.54,107.2 1 1
github.com/fhermeni/wints/sqlstore/user.go:110.72,112.2 1 1
github.com/fhermeni/wints/sqlstore/user.go:116.68,118.16 2 1
github.com/fhermeni/wints/sqlstore/user.go:121.2,125.19 5 1
github.com/fhermeni/wints/sqlstore/user.go:128.2,128.63 1 1
github.com/fhermeni/wints/sqlstore/user.go:131.2,134.18 3 1
github.com/fhermeni/wints/sqlstore/user.go:118.16,120.3 1 0
github.com/fhermeni/wints/sqlstore/user.go:125.19,127.3 1 0
github.com/fhermeni/wints/sqlstore/user.go:128.63,130.3 1 1
github.com/fhermeni/wints/sqlstore/user.go:138.78,146.2 5 1
github.com/fhermeni/wints/sqlstore/user.go:150.65,152.16 2 1
github.com/fhermeni/wints/sqlstore/user.go:156.2,163.30 7 1
github.com/fhermeni/wints/sqlstore/user.go:166.2,166.25 1 1
github.com/fhermeni/wints/sqlstore/user.go:152.16,154.3 1 0
github.com/fhermeni/wints/sqlstore/user.go:163.30,165.3 1 0
github.com/fhermeni/wints/sqlstore/user.go:171.48,173.2 1 1
github.com/fhermeni/wints/sqlstore/user.go:176.44,178.2 1 0
github.com/fhermeni/wints/sqlstore/user.go:181.56,187.2 5 0
